#
# There is insufficient memory for the Java Runtime Environment to continue.
# Native memory allocation (malloc) failed to allocate 1048576 bytes for AllocateHeap
# Possible reasons:
#   The system is out of physical RAM or swap space
#   The process is running with CompressedOops enabled, and the Java Heap may be blocking the growth of the native heap
# Possible solutions:
#   Reduce memory load on the system
#   Increase physical memory or swap space
#   Check if swap backing store is full
#   Decrease Java heap size (-Xmx/-Xms)
#   Decrease number of Java threads
#   Decrease Java thread stack sizes (-Xss)
#   Set larger code cache with -XX:ReservedCodeCacheSize=
#   JVM is running with Unscaled Compressed Oops mode in which the Java heap is
#     placed in the first 4GB address space. The Java Heap base address is the
#     maximum limit for the native heap growth. Please use -XX:HeapBaseMinAddress
#     to set the Java Heap base and to place the Java Heap above 4GB virtual address.
# This output file may be truncated or incomplete.
#
#  Out of Memory Error (allocation.cpp:44), pid=19984, tid=12860
#
# JRE version: OpenJDK Runtime Environment Temurin-17.0.3+7 (17.0.3+7) (build 17.0.3+7)
# Java VM: OpenJDK 64-Bit Server VM Temurin-17.0.3+7 (17.0.3+7, mixed mode, emulated-client, tiered, compressed oops, compressed class ptrs, g1 gc, windows-amd64)
# No core dump will be written. Minidumps are not enabled by default on client versions of Windows
#

---------------  S U M M A R Y ------------

Command Line: -Dcom.sun.management.jmxremote -Dcom.sun.management.jmxremote.port=63327 -Dcom.sun.management.jmxremote.authenticate=false -Dcom.sun.management.jmxremote.ssl=false -Djava.rmi.server.hostname=localhost -Dspring.jmx.enabled=true -Dspring.application.admin.enabled=true -XX:TieredStopAtLevel=1 -Dspring.boot.project.name=dokterhalo289 -Dfile.encoding=UTF-8 -XX:+ShowCodeDetailsInExceptionMessages xa.dokterhalo289.Dokterhalo289Application --spring.output.ansi.enabled=always

Host: Intel(R) Core(TM) i5-10300H CPU @ 2.50GHz, 8 cores, 7G,  Windows 11 , 64 bit Build 22000 (10.0.22000.708)
Time: Thu Jul 14 19:09:16 2022 SE Asia Standard Time elapsed time: 31206.747418 seconds (0d 8h 40m 6s)

---------------  T H R E A D  ---------------

Current thread (0x000001cd507202c0):  VMThread "VM Thread" [stack: 0x0000009c50c00000,0x0000009c50d00000] [id=12860]

Stack: [0x0000009c50c00000,0x0000009c50d00000]
Native frames: (J=compiled Java code, j=interpreted, Vv=VM code, C=native code)
V  [jvm.dll+0x675efa]
V  [jvm.dll+0x830a24]
V  [jvm.dll+0x8321ce]
V  [jvm.dll+0x832833]
V  [jvm.dll+0x2454b5]
V  [jvm.dll+0xa6393]
V  [jvm.dll+0x2f55c3]
V  [jvm.dll+0x2f12d0]
V  [jvm.dll+0x2d99b7]
V  [jvm.dll+0x31cac7]
V  [jvm.dll+0x836cdb]
V  [jvm.dll+0x837a14]
V  [jvm.dll+0x837f2c]
V  [jvm.dll+0x838304]
V  [jvm.dll+0x8383d0]
V  [jvm.dll+0x7e0cfa]
V  [jvm.dll+0x674d85]
C  [ucrtbase.dll+0x26c0c]
C  [KERNEL32.DLL+0x154e0]
C  [ntdll.dll+0x485b]

VM_Operation (0x0000009c503ff170): G1CollectFull, mode: safepoint, requested by thread 0x000001cd55cd8ab0


---------------  P R O C E S S  ---------------

Threads class SMR info:
_java_thread_list=0x000001cd570b58a0, length=19, elements={
0x000001cd507275a0, 0x000001cd50764020, 0x000001cd5073e950, 0x000001cd5073f9c0,
0x000001cd5111d8b0, 0x000001cd5111ea00, 0x000001cd51123050, 0x000001cd51124980,
0x000001cd51279dc0, 0x000001cd513190d0, 0x000001cd518d9590, 0x000001cd519b1390,
0x000001cd519c8010, 0x000001cd52ccf2c0, 0x000001cd52c88040, 0x000001cd52cfdad0,
0x000001cd55cde150, 0x000001cd55cdf960, 0x000001cd55cd8ab0
}

Java Threads: ( => current thread )
  0x000001cd507275a0 JavaThread "Reference Handler" daemon [_thread_blocked, id=13796, stack(0x0000009c50d00000,0x0000009c50e00000)]
  0x000001cd50764020 JavaThread "Finalizer" daemon [_thread_blocked, id=3900, stack(0x0000009c50e00000,0x0000009c50f00000)]
  0x000001cd5073e950 JavaThread "Signal Dispatcher" daemon [_thread_blocked, id=12684, stack(0x0000009c50f00000,0x0000009c51000000)]
  0x000001cd5073f9c0 JavaThread "Attach Listener" daemon [_thread_blocked, id=20596, stack(0x0000009c51000000,0x0000009c51100000)]
  0x000001cd5111d8b0 JavaThread "Service Thread" daemon [_thread_blocked, id=8612, stack(0x0000009c51100000,0x0000009c51200000)]
  0x000001cd5111ea00 JavaThread "Monitor Deflation Thread" daemon [_thread_blocked, id=2312, stack(0x0000009c51200000,0x0000009c51300000)]
  0x000001cd51123050 JavaThread "C1 CompilerThread0" daemon [_thread_blocked, id=1956, stack(0x0000009c51300000,0x0000009c51400000)]
  0x000001cd51124980 JavaThread "Sweeper thread" daemon [_thread_blocked, id=4256, stack(0x0000009c51400000,0x0000009c51500000)]
  0x000001cd51279dc0 JavaThread "Common-Cleaner" daemon [_thread_blocked, id=9860, stack(0x0000009c51500000,0x0000009c51600000)]
  0x000001cd513190d0 JavaThread "Notification Thread" daemon [_thread_blocked, id=14784, stack(0x0000009c51800000,0x0000009c51900000)]
  0x000001cd518d9590 JavaThread "RMI TCP Accept-0" daemon [_thread_in_native, id=11028, stack(0x0000009c51900000,0x0000009c51a00000)]
  0x000001cd519b1390 JavaThread "RMI TCP Accept-63327" daemon [_thread_in_native, id=10072, stack(0x0000009c51a00000,0x0000009c51b00000)]
  0x000001cd519c8010 JavaThread "RMI TCP Accept-0" daemon [_thread_in_native, id=16240, stack(0x0000009c51b00000,0x0000009c51c00000)]
  0x000001cd52ccf2c0 JavaThread "RMI Scheduler(0)" daemon [_thread_blocked, id=11376, stack(0x0000009c52a00000,0x0000009c52b00000)]
  0x000001cd52c88040 JavaThread "RMI TCP Connection(396)-127.0.0.1" daemon [_thread_in_native, id=19740, stack(0x0000009c52b00000,0x0000009c52c00000)]
  0x000001cd52cfdad0 JavaThread "JMX server connection timeout 25" daemon [_thread_blocked, id=11008, stack(0x0000009c52c00000,0x0000009c52d00000)]
  0x000001cd55cde150 JavaThread "Live Reload Server" daemon [_thread_in_native, id=20748, stack(0x0000009c53600000,0x0000009c53700000)]
  0x000001cd55cdf960 JavaThread "DestroyJavaVM" [_thread_blocked, id=20004, stack(0x0000009c50600000,0x0000009c50700000)]
  0x000001cd55cd8ab0 JavaThread "Thread-15" [_thread_blocked, id=15280, stack(0x0000009c50300000,0x0000009c50400000)]

Other Threads:
=>0x000001cd507202c0 VMThread "VM Thread" [stack: 0x0000009c50c00000,0x0000009c50d00000] [id=12860]
  0x000001cd42a80f50 WatcherThread [stack: 0x0000009c51c00000,0x0000009c51d00000] [id=20728]
  0x000001cd42a69090 GCTaskThread "GC Thread#0" [stack: 0x0000009c50700000,0x0000009c50800000] [id=18944]
  0x000001cd52b599b0 GCTaskThread "GC Thread#1" [stack: 0x0000009c51e00000,0x0000009c51f00000] [id=10316]
  0x000001cd52b59c60 GCTaskThread "GC Thread#2" [stack: 0x0000009c51f00000,0x0000009c52000000] [id=21328]
  0x000001cd52bb6fb0 GCTaskThread "GC Thread#3" [stack: 0x0000009c52000000,0x0000009c52100000] [id=17136]
  0x000001cd52bb7670 GCTaskThread "GC Thread#4" [stack: 0x0000009c52100000,0x0000009c52200000] [id=6856]
  0x000001cd52bb7b30 GCTaskThread "GC Thread#5" [stack: 0x0000009c52200000,0x0000009c52300000] [id=19724]
  0x000001cd52bb81f0 GCTaskThread "GC Thread#6" [stack: 0x0000009c52300000,0x0000009c52400000] [id=8236]
  0x000001cd52bb84a0 GCTaskThread "GC Thread#7" [stack: 0x0000009c52400000,0x0000009c52500000] [id=14272]
  0x000001cd42a7a270 ConcurrentGCThread "G1 Main Marker" [stack: 0x0000009c50800000,0x0000009c50900000] [id=6660]
  0x000001cd42a7ac80 ConcurrentGCThread "G1 Conc#0" [stack: 0x0000009c50900000,0x0000009c50a00000] [id=1380]
  0x000001cd52df8190 ConcurrentGCThread "G1 Conc#1" [stack: 0x0000009c52e00000,0x0000009c52f00000] [id=19416]
  0x000001cd42addb00 ConcurrentGCThread "G1 Refine#0" [stack: 0x0000009c50a00000,0x0000009c50b00000] [id=19800]
  0x000001cd52bb8750 ConcurrentGCThread "G1 Refine#1" [stack: 0x0000009c52500000,0x0000009c52600000] [id=21156]
  0x000001cd52bb8a30 ConcurrentGCThread "G1 Refine#2" [stack: 0x0000009c52600000,0x0000009c52700000] [id=820]
  0x000001cd42ade520 ConcurrentGCThread "G1 Service" [stack: 0x0000009c50b00000,0x0000009c50c00000] [id=19628]

Threads with active compile tasks:

VM state: at safepoint (normal execution)

VM Mutex/Monitor currently owned by a thread:  ([mutex/lock_event])
[0x000001cd42a06600] Threads_lock - owner thread: 0x000001cd507202c0
[0x000001cd42a083d0] Heap_lock - owner thread: 0x000001cd55cd8ab0

Heap address: 0x0000000082800000, size: 2008 MB, Compressed Oops mode: 32-bit

CDS archive(s) not mapped
Compressed class space mapped at: 0x0000000100000000-0x0000000140000000, reserved size: 1073741824
Narrow klass base: 0x0000000000000000, Narrow klass shift: 3, Narrow klass range: 0x140000000

GC Precious Log:
 CPUs: 8 total, 8 available
 Memory: 8029M
 Large Page Support: Disabled
 NUMA Support: Disabled
 Compressed Oops: Enabled (32-bit)
 Heap Region Size: 1M
 Heap Min Capacity: 8M
 Heap Initial Capacity: 126M
 Heap Max Capacity: 2008M
 Pre-touch: Disabled
 Parallel Workers: 8
 Concurrent Workers: 2
 Concurrent Refinement Workers: 8
 Periodic GC: Disabled

Heap:
 garbage-first heap   total 147456K, used 113865K [0x0000000082800000, 0x0000000100000000)
  region size 1024K, 63 young (64512K), 2 survivors (2048K)
 Metaspace       used 75315K, committed 75904K, reserved 1122304K
  class space    used 9915K, committed 10176K, reserved 1048576K

Heap Regions: E=young(eden), S=young(survivor), O=old, HS=humongous(starts), HC=humongous(continues), CS=collection set, F=free, OA=open archive, CA=closed archive, TAMS=top-at-mark-start (previous, next)
|   0|0x0000000082800000, 0x0000000082900000, 0x0000000082900000|100%|HS|  |TAMS 0x0000000082900000, 0x0000000082800000| Untracked 
|   1|0x0000000082900000, 0x00000000829ffff0, 0x0000000082a00000| 99%| O|  |TAMS 0x0000000082900000, 0x0000000082900000| Untracked 
|   2|0x0000000082a00000, 0x0000000082b00000, 0x0000000082b00000|100%| O|  |TAMS 0x0000000082b00000, 0x0000000082a00000| Untracked 
|   3|0x0000000082b00000, 0x0000000082c00000, 0x0000000082c00000|100%| O|  |TAMS 0x0000000082c00000, 0x0000000082b00000| Untracked 
|   4|0x0000000082c00000, 0x0000000082cfffa0, 0x0000000082d00000| 99%| O|  |TAMS 0x0000000082cfffa0, 0x0000000082c00000| Untracked 
|   5|0x0000000082d00000, 0x0000000082dfffd8, 0x0000000082e00000| 99%| O|  |TAMS 0x0000000082dfffd8, 0x0000000082d00000| Untracked 
|   6|0x0000000082e00000, 0x0000000082f00000, 0x0000000082f00000|100%| O|  |TAMS 0x0000000082f00000, 0x0000000082e00000| Untracked 
|   7|0x0000000082f00000, 0x0000000082fffff8, 0x0000000083000000| 99%| O|  |TAMS 0x0000000082fffff8, 0x0000000082f00000| Untracked 
|   8|0x0000000083000000, 0x00000000830fffe0, 0x0000000083100000| 99%| O|  |TAMS 0x00000000830fffe0, 0x0000000083000000| Untracked 
|   9|0x0000000083100000, 0x00000000831fe138, 0x0000000083200000| 99%| O|  |TAMS 0x00000000831fe138, 0x0000000083100000| Untracked 
|  10|0x0000000083200000, 0x0000000083300000, 0x0000000083300000|100%| O|  |TAMS 0x0000000083300000, 0x0000000083200000| Untracked 
|  11|0x0000000083300000, 0x00000000833fffd8, 0x0000000083400000| 99%| O|  |TAMS 0x00000000833fffd8, 0x0000000083300000| Untracked 
|  12|0x0000000083400000, 0x00000000834fffe8, 0x0000000083500000| 99%| O|  |TAMS 0x00000000834fffe8, 0x0000000083400000| Untracked 
|  13|0x0000000083500000, 0x00000000835ffff8, 0x0000000083600000| 99%| O|  |TAMS 0x00000000835ffff8, 0x0000000083500000| Untracked 
|  14|0x0000000083600000, 0x0000000083700000, 0x0000000083700000|100%| O|  |TAMS 0x0000000083700000, 0x0000000083600000| Untracked 
|  15|0x0000000083700000, 0x00000000837fffa8, 0x0000000083800000| 99%| O|  |TAMS 0x00000000837fffa8, 0x0000000083700000| Untracked 
|  16|0x0000000083800000, 0x00000000838ffff0, 0x0000000083900000| 99%| O|  |TAMS 0x00000000838ffff0, 0x0000000083800000| Untracked 
|  17|0x0000000083900000, 0x00000000839fffd8, 0x0000000083a00000| 99%| O|  |TAMS 0x00000000839fffd8, 0x0000000083900000| Untracked 
|  18|0x0000000083a00000, 0x0000000083afffe0, 0x0000000083b00000| 99%| O|  |TAMS 0x0000000083afffe0, 0x0000000083a00000| Untracked 
|  19|0x0000000083b00000, 0x0000000083bffff0, 0x0000000083c00000| 99%| O|  |TAMS 0x0000000083bffff0, 0x0000000083b00000| Untracked 
|  20|0x0000000083c00000, 0x0000000083cffff0, 0x0000000083d00000| 99%| O|  |TAMS 0x0000000083c00000, 0x0000000083c00000| Untracked 
|  21|0x0000000083d00000, 0x0000000083dffff8, 0x0000000083e00000| 99%| O|  |TAMS 0x0000000083d00000, 0x0000000083d00000| Untracked 
|  22|0x0000000083e00000, 0x0000000083effff0, 0x0000000083f00000| 99%| O|  |TAMS 0x0000000083effff0, 0x0000000083e00000| Untracked 
|  23|0x0000000083f00000, 0x0000000083fffff8, 0x0000000084000000| 99%| O|  |TAMS 0x0000000083f00000, 0x0000000083f00000| Untracked 
|  24|0x0000000084000000, 0x00000000840fffc0, 0x0000000084100000| 99%| O|  |TAMS 0x0000000084000000, 0x0000000084000000| Untracked 
|  25|0x0000000084100000, 0x00000000841ffff8, 0x0000000084200000| 99%| O|  |TAMS 0x00000000841ffff8, 0x0000000084100000| Untracked 
|  26|0x0000000084200000, 0x0000000084300000, 0x0000000084300000|100%| O|  |TAMS 0x0000000084200000, 0x0000000084200000| Untracked 
|  27|0x0000000084300000, 0x00000000843ae438, 0x0000000084400000| 68%| O|  |TAMS 0x0000000084300000, 0x0000000084300000| Untracked 
|  28|0x0000000084400000, 0x0000000084500000, 0x0000000084500000|100%| O|  |TAMS 0x0000000084400000, 0x0000000084400000| Untracked 
|  29|0x0000000084500000, 0x00000000845fffe0, 0x0000000084600000| 99%| O|  |TAMS 0x0000000084500000, 0x0000000084500000| Untracked 
|  30|0x0000000084600000, 0x0000000084700000, 0x0000000084700000|100%| O|  |TAMS 0x0000000084600000, 0x0000000084600000| Untracked 
|  31|0x0000000084700000, 0x00000000847ffff8, 0x0000000084800000| 99%| O|  |TAMS 0x0000000084700000, 0x0000000084700000| Untracked 
|  32|0x0000000084800000, 0x00000000848e3c68, 0x0000000084900000| 88%| O|  |TAMS 0x0000000084800000, 0x0000000084800000| Untracked 
|  33|0x0000000084900000, 0x0000000084a00000, 0x0000000084a00000|100%| O|  |TAMS 0x0000000084900000, 0x0000000084900000| Untracked 
|  34|0x0000000084a00000, 0x0000000084ab0588, 0x0000000084b00000| 68%| O|  |TAMS 0x0000000084a00000, 0x0000000084a00000| Untracked 
|  35|0x0000000084b00000, 0x0000000084c00000, 0x0000000084c00000|100%| O|  |TAMS 0x0000000084b00000, 0x0000000084b00000| Untracked 
|  36|0x0000000084c00000, 0x0000000084d00000, 0x0000000084d00000|100%| O|  |TAMS 0x0000000084c00000, 0x0000000084c00000| Untracked 
|  37|0x0000000084d00000, 0x0000000084dc2d70, 0x0000000084e00000| 76%| O|  |TAMS 0x0000000084d00000, 0x0000000084d00000| Untracked 
|  38|0x0000000084e00000, 0x0000000084f00000, 0x0000000084f00000|100%| O|  |TAMS 0x0000000084e00000, 0x0000000084e00000| Untracked 
|  39|0x0000000084f00000, 0x0000000084f8cab0, 0x0000000085000000| 54%| O|  |TAMS 0x0000000084f00000, 0x0000000084f00000| Untracked 
|  40|0x0000000085000000, 0x0000000085100000, 0x0000000085100000|100%| O|  |TAMS 0x0000000085000000, 0x0000000085000000| Untracked 
|  41|0x0000000085100000, 0x0000000085200000, 0x0000000085200000|100%| O|  |TAMS 0x0000000085100000, 0x0000000085100000| Untracked 
|  42|0x0000000085200000, 0x0000000085300000, 0x0000000085300000|100%| O|  |TAMS 0x0000000085200000, 0x0000000085200000| Untracked 
|  43|0x0000000085300000, 0x0000000085400000, 0x0000000085400000|100%| O|  |TAMS 0x0000000085300000, 0x0000000085300000| Untracked 
|  44|0x0000000085400000, 0x0000000085500000, 0x0000000085500000|100%| O|  |TAMS 0x0000000085400000, 0x0000000085400000| Untracked 
|  45|0x0000000085500000, 0x0000000085600000, 0x0000000085600000|100%| O|  |TAMS 0x0000000085500000, 0x0000000085500000| Untracked 
|  46|0x0000000085600000, 0x0000000085700000, 0x0000000085700000|100%| O|  |TAMS 0x0000000085600000, 0x0000000085600000| Untracked 
|  47|0x0000000085700000, 0x0000000085800000, 0x0000000085800000|100%| O|  |TAMS 0x0000000085700000, 0x0000000085700000| Untracked 
|  48|0x0000000085800000, 0x0000000085881400, 0x0000000085900000| 50%| O|  |TAMS 0x0000000085800000, 0x0000000085800000| Untracked 
|  49|0x0000000085900000, 0x0000000085900000, 0x0000000085a00000|  0%| F|  |TAMS 0x0000000085900000, 0x0000000085900000| Untracked 
|  50|0x0000000085a00000, 0x0000000085a00000, 0x0000000085b00000|  0%| F|  |TAMS 0x0000000085a00000, 0x0000000085a00000| Untracked 
|  51|0x0000000085b00000, 0x0000000085b00000, 0x0000000085c00000|  0%| F|  |TAMS 0x0000000085b00000, 0x0000000085b00000| Untracked 
|  52|0x0000000085c00000, 0x0000000085c00000, 0x0000000085d00000|  0%| F|  |TAMS 0x0000000085c00000, 0x0000000085c00000| Untracked 
|  53|0x0000000085d00000, 0x0000000085d00000, 0x0000000085e00000|  0%| F|  |TAMS 0x0000000085d00000, 0x0000000085d00000| Untracked 
|  54|0x0000000085e00000, 0x0000000085e00000, 0x0000000085f00000|  0%| F|  |TAMS 0x0000000085e00000, 0x0000000085e00000| Untracked 
|  55|0x0000000085f00000, 0x0000000085f00000, 0x0000000086000000|  0%| F|  |TAMS 0x0000000085f00000, 0x0000000085f00000| Untracked 
|  56|0x0000000086000000, 0x0000000086000000, 0x0000000086100000|  0%| F|  |TAMS 0x0000000086000000, 0x0000000086000000| Untracked 
|  57|0x0000000086100000, 0x0000000086100000, 0x0000000086200000|  0%| F|  |TAMS 0x0000000086100000, 0x0000000086100000| Untracked 
|  58|0x0000000086200000, 0x0000000086200000, 0x0000000086300000|  0%| F|  |TAMS 0x0000000086200000, 0x0000000086200000| Untracked 
|  59|0x0000000086300000, 0x0000000086300000, 0x0000000086400000|  0%| F|  |TAMS 0x0000000086300000, 0x0000000086300000| Untracked 
|  60|0x0000000086400000, 0x0000000086400000, 0x0000000086500000|  0%| F|  |TAMS 0x0000000086400000, 0x0000000086400000| Untracked 
|  61|0x0000000086500000, 0x0000000086500000, 0x0000000086600000|  0%| F|  |TAMS 0x0000000086500000, 0x0000000086500000| Untracked 
|  62|0x0000000086600000, 0x0000000086700000, 0x0000000086700000|100%| O|  |TAMS 0x0000000086700000, 0x0000000086600000| Untracked 
|  63|0x0000000086700000, 0x0000000086800000, 0x0000000086800000|100%| O|  |TAMS 0x0000000086800000, 0x0000000086700000| Untracked 
|  64|0x0000000086800000, 0x0000000086800000, 0x0000000086900000|  0%| F|  |TAMS 0x0000000086800000, 0x0000000086800000| Untracked 
|  65|0x0000000086900000, 0x0000000086900000, 0x0000000086a00000|  0%| F|  |TAMS 0x0000000086900000, 0x0000000086900000| Untracked 
|  66|0x0000000086a00000, 0x0000000086a21420, 0x0000000086b00000| 12%| S|CS|TAMS 0x0000000086a00000, 0x0000000086a00000| Complete 
|  67|0x0000000086b00000, 0x0000000086c00000, 0x0000000086c00000|100%| S|CS|TAMS 0x0000000086b00000, 0x0000000086b00000| Complete 
|  68|0x0000000086c00000, 0x0000000086c00000, 0x0000000086d00000|  0%| F|  |TAMS 0x0000000086c00000, 0x0000000086c00000| Untracked 
|  69|0x0000000086d00000, 0x0000000086d00000, 0x0000000086e00000|  0%| F|  |TAMS 0x0000000086d00000, 0x0000000086d00000| Untracked 
|  70|0x0000000086e00000, 0x0000000086e00000, 0x0000000086f00000|  0%| F|  |TAMS 0x0000000086e00000, 0x0000000086e00000| Untracked 
|  71|0x0000000086f00000, 0x0000000086f00000, 0x0000000087000000|  0%| F|  |TAMS 0x0000000086f00000, 0x0000000086f00000| Untracked 
|  72|0x0000000087000000, 0x0000000087000000, 0x0000000087100000|  0%| F|  |TAMS 0x0000000087000000, 0x0000000087000000| Untracked 
|  73|0x0000000087100000, 0x0000000087100000, 0x0000000087200000|  0%| F|  |TAMS 0x0000000087100000, 0x0000000087100000| Untracked 
|  74|0x0000000087200000, 0x0000000087200000, 0x0000000087300000|  0%| F|  |TAMS 0x0000000087200000, 0x0000000087200000| Untracked 
|  75|0x0000000087300000, 0x0000000087300000, 0x0000000087400000|  0%| F|  |TAMS 0x0000000087300000, 0x0000000087300000| Untracked 
|  76|0x0000000087400000, 0x0000000087400000, 0x0000000087500000|  0%| F|  |TAMS 0x0000000087400000, 0x0000000087400000| Untracked 
|  77|0x0000000087500000, 0x0000000087500000, 0x0000000087600000|  0%| F|  |TAMS 0x0000000087500000, 0x0000000087500000| Untracked 
|  78|0x0000000087600000, 0x0000000087600000, 0x0000000087700000|  0%| F|  |TAMS 0x0000000087600000, 0x0000000087600000| Untracked 
|  79|0x0000000087700000, 0x0000000087700000, 0x0000000087800000|  0%| F|  |TAMS 0x0000000087700000, 0x0000000087700000| Untracked 
|  80|0x0000000087800000, 0x0000000087800000, 0x0000000087900000|  0%| F|  |TAMS 0x0000000087800000, 0x0000000087800000| Untracked 
|  81|0x0000000087900000, 0x0000000087900000, 0x0000000087a00000|  0%| F|  |TAMS 0x0000000087900000, 0x0000000087900000| Untracked 
|  82|0x0000000087a00000, 0x0000000087ac7608, 0x0000000087b00000| 77%| E|  |TAMS 0x0000000087a00000, 0x0000000087a00000| Complete 
|  83|0x0000000087b00000, 0x0000000087c00000, 0x0000000087c00000|100%| E|CS|TAMS 0x0000000087b00000, 0x0000000087b00000| Complete 
|  84|0x0000000087c00000, 0x0000000087d00000, 0x0000000087d00000|100%| E|CS|TAMS 0x0000000087c00000, 0x0000000087c00000| Complete 
|  85|0x0000000087d00000, 0x0000000087e00000, 0x0000000087e00000|100%| E|CS|TAMS 0x0000000087d00000, 0x0000000087d00000| Complete 
|  86|0x0000000087e00000, 0x0000000087f00000, 0x0000000087f00000|100%| E|CS|TAMS 0x0000000087e00000, 0x0000000087e00000| Complete 
|  87|0x0000000087f00000, 0x0000000088000000, 0x0000000088000000|100%| E|CS|TAMS 0x0000000087f00000, 0x0000000087f00000| Complete 
|  88|0x0000000088000000, 0x0000000088100000, 0x0000000088100000|100%| E|CS|TAMS 0x0000000088000000, 0x0000000088000000| Complete 
|  89|0x0000000088100000, 0x0000000088200000, 0x0000000088200000|100%| E|CS|TAMS 0x0000000088100000, 0x0000000088100000| Complete 
|  90|0x0000000088200000, 0x0000000088300000, 0x0000000088300000|100%| E|CS|TAMS 0x0000000088200000, 0x0000000088200000| Complete 
|  91|0x0000000088300000, 0x0000000088400000, 0x0000000088400000|100%| E|CS|TAMS 0x0000000088300000, 0x0000000088300000| Complete 
|  92|0x0000000088400000, 0x0000000088500000, 0x0000000088500000|100%| E|CS|TAMS 0x0000000088400000, 0x0000000088400000| Complete 
|  93|0x0000000088500000, 0x0000000088600000, 0x0000000088600000|100%| O|  |TAMS 0x0000000088600000, 0x0000000088500000| Untracked 
|  94|0x0000000088600000, 0x0000000088700000, 0x0000000088700000|100%| E|CS|TAMS 0x0000000088600000, 0x0000000088600000| Complete 
|  95|0x0000000088700000, 0x0000000088800000, 0x0000000088800000|100%| E|CS|TAMS 0x0000000088700000, 0x0000000088700000| Complete 
|  96|0x0000000088800000, 0x0000000088900000, 0x0000000088900000|100%| E|CS|TAMS 0x0000000088800000, 0x0000000088800000| Complete 
|  97|0x0000000088900000, 0x0000000088a00000, 0x0000000088a00000|100%| E|CS|TAMS 0x0000000088900000, 0x0000000088900000| Complete 
|  98|0x0000000088a00000, 0x0000000088b00000, 0x0000000088b00000|100%| E|CS|TAMS 0x0000000088a00000, 0x0000000088a00000| Complete 
|  99|0x0000000088b00000, 0x0000000088c00000, 0x0000000088c00000|100%| E|CS|TAMS 0x0000000088b00000, 0x0000000088b00000| Complete 
| 100|0x0000000088c00000, 0x0000000088d00000, 0x0000000088d00000|100%| E|CS|TAMS 0x0000000088c00000, 0x0000000088c00000| Complete 
| 101|0x0000000088d00000, 0x0000000088e00000, 0x0000000088e00000|100%| E|CS|TAMS 0x0000000088d00000, 0x0000000088d00000| Complete 
| 102|0x0000000088e00000, 0x0000000088f00000, 0x0000000088f00000|100%| E|CS|TAMS 0x0000000088e00000, 0x0000000088e00000| Complete 
| 103|0x0000000088f00000, 0x0000000089000000, 0x0000000089000000|100%| E|CS|TAMS 0x0000000088f00000, 0x0000000088f00000| Complete 
| 104|0x0000000089000000, 0x0000000089100000, 0x0000000089100000|100%| E|CS|TAMS 0x0000000089000000, 0x0000000089000000| Complete 
| 105|0x0000000089100000, 0x0000000089200000, 0x0000000089200000|100%| E|CS|TAMS 0x0000000089100000, 0x0000000089100000| Complete 
| 106|0x0000000089200000, 0x0000000089300000, 0x0000000089300000|100%| E|CS|TAMS 0x0000000089200000, 0x0000000089200000| Complete 
| 107|0x0000000089300000, 0x0000000089400000, 0x0000000089400000|100%| E|CS|TAMS 0x0000000089300000, 0x0000000089300000| Complete 
| 108|0x0000000089400000, 0x0000000089500000, 0x0000000089500000|100%| E|CS|TAMS 0x0000000089400000, 0x0000000089400000| Complete 
| 109|0x0000000089500000, 0x0000000089600000, 0x0000000089600000|100%| E|CS|TAMS 0x0000000089500000, 0x0000000089500000| Complete 
| 110|0x0000000089600000, 0x0000000089700000, 0x0000000089700000|100%| E|CS|TAMS 0x0000000089600000, 0x0000000089600000| Complete 
| 111|0x0000000089700000, 0x0000000089800000, 0x0000000089800000|100%| E|CS|TAMS 0x0000000089700000, 0x0000000089700000| Complete 
| 112|0x0000000089800000, 0x0000000089900000, 0x0000000089900000|100%| E|CS|TAMS 0x0000000089800000, 0x0000000089800000| Complete 
| 113|0x0000000089900000, 0x0000000089a00000, 0x0000000089a00000|100%| E|CS|TAMS 0x0000000089900000, 0x0000000089900000| Complete 
| 114|0x0000000089a00000, 0x0000000089b00000, 0x0000000089b00000|100%| E|CS|TAMS 0x0000000089a00000, 0x0000000089a00000| Complete 
| 115|0x0000000089b00000, 0x0000000089c00000, 0x0000000089c00000|100%| E|CS|TAMS 0x0000000089b00000, 0x0000000089b00000| Complete 
| 116|0x0000000089c00000, 0x0000000089d00000, 0x0000000089d00000|100%| E|CS|TAMS 0x0000000089c00000, 0x0000000089c00000| Complete 
| 117|0x0000000089d00000, 0x0000000089e00000, 0x0000000089e00000|100%| E|CS|TAMS 0x0000000089d00000, 0x0000000089d00000| Complete 
| 118|0x0000000089e00000, 0x0000000089f00000, 0x0000000089f00000|100%| E|CS|TAMS 0x0000000089e00000, 0x0000000089e00000| Complete 
| 119|0x0000000089f00000, 0x000000008a000000, 0x000000008a000000|100%| E|CS|TAMS 0x0000000089f00000, 0x0000000089f00000| Complete 
| 120|0x000000008a000000, 0x000000008a100000, 0x000000008a100000|100%| E|CS|TAMS 0x000000008a000000, 0x000000008a000000| Complete 
| 121|0x000000008a100000, 0x000000008a200000, 0x000000008a200000|100%| E|CS|TAMS 0x000000008a100000, 0x000000008a100000| Complete 
| 122|0x000000008a200000, 0x000000008a300000, 0x000000008a300000|100%| E|CS|TAMS 0x000000008a200000, 0x000000008a200000| Complete 
| 123|0x000000008a300000, 0x000000008a400000, 0x000000008a400000|100%| E|CS|TAMS 0x000000008a300000, 0x000000008a300000| Complete 
| 124|0x000000008a400000, 0x000000008a500000, 0x000000008a500000|100%| E|CS|TAMS 0x000000008a400000, 0x000000008a400000| Complete 
| 125|0x000000008a500000, 0x000000008a600000, 0x000000008a600000|100%| E|CS|TAMS 0x000000008a500000, 0x000000008a500000| Complete 
| 126|0x000000008a600000, 0x000000008a700000, 0x000000008a700000|100%| E|CS|TAMS 0x000000008a600000, 0x000000008a600000| Complete 
| 127|0x000000008a700000, 0x000000008a800000, 0x000000008a800000|100%| E|CS|TAMS 0x000000008a700000, 0x000000008a700000| Complete 
| 128|0x000000008a800000, 0x000000008a900000, 0x000000008a900000|100%| E|CS|TAMS 0x000000008a800000, 0x000000008a800000| Complete 
| 129|0x000000008a900000, 0x000000008aa00000, 0x000000008aa00000|100%| E|CS|TAMS 0x000000008a900000, 0x000000008a900000| Complete 
| 130|0x000000008aa00000, 0x000000008ab00000, 0x000000008ab00000|100%| E|CS|TAMS 0x000000008aa00000, 0x000000008aa00000| Complete 
| 131|0x000000008ab00000, 0x000000008ac00000, 0x000000008ac00000|100%| E|CS|TAMS 0x000000008ab00000, 0x000000008ab00000| Complete 
| 132|0x000000008ac00000, 0x000000008ad00000, 0x000000008ad00000|100%| E|CS|TAMS 0x000000008ac00000, 0x000000008ac00000| Complete 
| 133|0x000000008ad00000, 0x000000008ae00000, 0x000000008ae00000|100%| E|CS|TAMS 0x000000008ad00000, 0x000000008ad00000| Complete 
| 134|0x000000008ae00000, 0x000000008af00000, 0x000000008af00000|100%| E|CS|TAMS 0x000000008ae00000, 0x000000008ae00000| Complete 
| 135|0x000000008af00000, 0x000000008b000000, 0x000000008b000000|100%| E|CS|TAMS 0x000000008af00000, 0x000000008af00000| Complete 
| 136|0x000000008b000000, 0x000000008b100000, 0x000000008b100000|100%| E|CS|TAMS 0x000000008b000000, 0x000000008b000000| Complete 
| 137|0x000000008b100000, 0x000000008b200000, 0x000000008b200000|100%| E|CS|TAMS 0x000000008b100000, 0x000000008b100000| Complete 
| 138|0x000000008b200000, 0x000000008b300000, 0x000000008b300000|100%| E|CS|TAMS 0x000000008b200000, 0x000000008b200000| Complete 
| 139|0x000000008b300000, 0x000000008b400000, 0x000000008b400000|100%| E|CS|TAMS 0x000000008b300000, 0x000000008b300000| Complete 
| 140|0x000000008b400000, 0x000000008b500000, 0x000000008b500000|100%| E|CS|TAMS 0x000000008b400000, 0x000000008b400000| Complete 
| 141|0x000000008b500000, 0x000000008b600000, 0x000000008b600000|100%| E|CS|TAMS 0x000000008b500000, 0x000000008b500000| Complete 
| 142|0x000000008b600000, 0x000000008b700000, 0x000000008b700000|100%| E|CS|TAMS 0x000000008b600000, 0x000000008b600000| Complete 
| 143|0x000000008b700000, 0x000000008b800000, 0x000000008b800000|100%| E|CS|TAMS 0x000000008b700000, 0x000000008b700000| Complete 

Card table byte_map: [0x000001cd495c0000,0x000001cd499b0000] _byte_map_base: 0x000001cd491ac000

Marking Bits (Prev, Next): (CMBitMap*) 0x000001cd42a696a0, (CMBitMap*) 0x000001cd42a696e0
 Prev Bits: [0x000001cd49da0000, 0x000001cd4bd00000)
 Next Bits: [0x000001cd4bd00000, 0x000001cd4dc60000)

Polling page: 0x000001cd409a0000

Metaspace:

Usage:
  Non-class:     63.87 MB used.
      Class:      9.68 MB used.
       Both:     73.55 MB used.

Virtual space:
  Non-class space:       72.00 MB reserved,      64.19 MB ( 89%) committed,  9 nodes.
      Class space:        1.00 GB reserved,       9.94 MB ( <1%) committed,  1 nodes.
             Both:        1.07 GB reserved,      74.12 MB (  7%) committed. 

Chunk freelists:
   Non-Class:  3.80 MB
       Class:  1.99 MB
        Both:  5.79 MB

MaxMetaspaceSize: unlimited
CompressedClassSpaceSize: 1.00 GB
Initial GC threshold: 21.00 MB
Current GC threshold: 121.50 MB
CDS: off
MetaspaceReclaimPolicy: balanced
 - commit_granule_bytes: 65536.
 - commit_granule_words: 8192.
 - virtual_space_node_default_size: 1048576.
 - enlarge_chunks_in_place: 1.
 - new_chunks_are_fully_committed: 0.
 - uncommit_free_chunks: 1.
 - use_allocation_guard: 0.
 - handle_deallocations: 1.


Internal statistics:

num_allocs_failed_limit: 11.
num_arena_births: 808.
num_arena_deaths: 134.
num_vsnodes_births: 10.
num_vsnodes_deaths: 0.
num_space_committed: 1186.
num_space_uncommitted: 0.
num_chunks_returned_to_freelist: 180.
num_chunks_taken_from_freelist: 3436.
num_chunk_merges: 56.
num_chunk_splits: 2314.
num_chunks_enlarged: 1687.
num_purges: 6.
num_inconsistent_stats: 0.

CodeCache: size=49152Kb used=21744Kb max_used=23194Kb free=27407Kb
 bounds [0x000001cd460c0000, 0x000001cd477b0000, 0x000001cd490c0000]
 total_blobs=12625 nmethods=11778 adapters=773
 compilation: enabled
              stopped_count=0, restarted_count=0
 full_count=0

Compilation events (20 events):
Event: 31206.147 Thread 0x000001cd51123050 11880       1       org.apache.catalina.loader.WebappClassLoaderBase::binaryNameToPath (52 bytes)
Event: 31206.156 Thread 0x000001cd51123050 nmethod 11880 0x000001cd474fcf10 code [0x000001cd474fd100, 0x000001cd474fd488]
Event: 31206.184 Thread 0x000001cd51123050 11881       1       java.lang.Thread::exit (70 bytes)
Event: 31206.260 Thread 0x000001cd51123050 nmethod 11881 0x000001cd474fc890 code [0x000001cd474fca60, 0x000001cd474fcdc8]
Event: 31206.261 Thread 0x000001cd51123050 11884   !   1       java.lang.ThreadGroup::threadTerminated (63 bytes)
Event: 31206.265 Thread 0x000001cd51123050 nmethod 11884 0x000001cd474fc390 code [0x000001cd474fc540, 0x000001cd474fc788]
Event: 31206.265 Thread 0x000001cd51123050 11883       1       org.apache.tomcat.util.net.AbstractEndpoint::getHandler (5 bytes)
Event: 31206.268 Thread 0x000001cd51123050 nmethod 11883 0x000001cd474fc090 code [0x000001cd474fc220, 0x000001cd474fc2f8]
Event: 31206.422 Thread 0x000001cd51123050 11885   !   1       org.hibernate.internal.util.collections.BoundedConcurrentHashMap$Segment::clear (73 bytes)
Event: 31206.443 Thread 0x000001cd51123050 nmethod 11885 0x000001cd474fb810 code [0x000001cd474fba20, 0x000001cd474fbdd8]
Event: 31206.515 Thread 0x000001cd51123050 11886       1       org.springframework.beans.factory.support.DefaultListableBeanFactory::destroySingleton (15 bytes)
Event: 31206.585 Thread 0x000001cd51123050 nmethod 11886 0x000001cd477a0310 code [0x000001cd477a0500, 0x000001cd477a07d8]
Event: 31206.585 Thread 0x000001cd51123050 11887   !   1       org.springframework.beans.factory.support.DefaultSingletonBeanRegistry::destroySingleton (45 bytes)
Event: 31206.595 Thread 0x000001cd51123050 nmethod 11887 0x000001cd4779fd10 code [0x000001cd4779fee0, 0x000001cd477a0168]
Event: 31206.595 Thread 0x000001cd51123050 11888   !   1       org.springframework.beans.factory.support.AbstractAutowireCapableBeanFactory::removeSingleton (34 bytes)
Event: 31206.602 Thread 0x000001cd51123050 nmethod 11888 0x000001cd4779f590 code [0x000001cd4779f760, 0x000001cd4779faa8]
Event: 31206.602 Thread 0x000001cd51123050 11889   !   1       org.springframework.beans.factory.support.FactoryBeanRegistrySupport::removeSingleton (34 bytes)
Event: 31206.602 Thread 0x000001cd51123050 nmethod 11889 0x000001cd4779f090 code [0x000001cd4779f240, 0x000001cd4779f438]
Event: 31206.602 Thread 0x000001cd51123050 11890   !   1       org.springframework.beans.factory.support.DefaultSingletonBeanRegistry::removeSingleton (62 bytes)
Event: 31206.607 Thread 0x000001cd51123050 nmethod 11890 0x000001cd4779ea90 code [0x000001cd4779ec60, 0x000001cd4779eeb8]

GC Heap History (20 events):
Event: 23604.085 GC heap before
{Heap before GC invocations=61 (full 3):
 garbage-first heap   total 147456K, used 127610K [0x0000000082800000, 0x0000000100000000)
  region size 1024K, 75 young (76800K), 1 survivors (1024K)
 Metaspace       used 75312K, committed 75904K, reserved 1122304K
  class space    used 9914K, committed 10176K, reserved 1048576K
}
Event: 23604.087 GC heap after
{Heap after GC invocations=62 (full 3):
 garbage-first heap   total 147456K, used 52333K [0x0000000082800000, 0x0000000100000000)
  region size 1024K, 2 young (2048K), 2 survivors (2048K)
 Metaspace       used 75312K, committed 75904K, reserved 1122304K
  class space    used 9914K, committed 10176K, reserved 1048576K
}
Event: 24390.413 GC heap before
{Heap before GC invocations=62 (full 3):
 garbage-first heap   total 147456K, used 127085K [0x0000000082800000, 0x0000000100000000)
  region size 1024K, 75 young (76800K), 2 survivors (2048K)
 Metaspace       used 75312K, committed 75904K, reserved 1122304K
  class space    used 9914K, committed 10176K, reserved 1048576K
}
Event: 24390.415 GC heap after
{Heap after GC invocations=63 (full 3):
 garbage-first heap   total 147456K, used 51876K [0x0000000082800000, 0x0000000100000000)
  region size 1024K, 1 young (1024K), 1 survivors (1024K)
 Metaspace       used 75312K, committed 75904K, reserved 1122304K
  class space    used 9914K, committed 10176K, reserved 1048576K
}
Event: 25136.351 GC heap before
{Heap before GC invocations=63 (full 3):
 garbage-first heap   total 147456K, used 127652K [0x0000000082800000, 0x0000000100000000)
  region size 1024K, 75 young (76800K), 1 survivors (1024K)
 Metaspace       used 75312K, committed 75904K, reserved 1122304K
  class space    used 9914K, committed 10176K, reserved 1048576K
}
Event: 25136.354 GC heap after
{Heap after GC invocations=64 (full 3):
 garbage-first heap   total 147456K, used 52346K [0x0000000082800000, 0x0000000100000000)
  region size 1024K, 2 young (2048K), 2 survivors (2048K)
 Metaspace       used 75312K, committed 75904K, reserved 1122304K
  class space    used 9914K, committed 10176K, reserved 1048576K
}
Event: 25915.199 GC heap before
{Heap before GC invocations=64 (full 3):
 garbage-first heap   total 147456K, used 127098K [0x0000000082800000, 0x0000000100000000)
  region size 1024K, 75 young (76800K), 2 survivors (2048K)
 Metaspace       used 75312K, committed 75904K, reserved 1122304K
  class space    used 9914K, committed 10176K, reserved 1048576K
}
Event: 25915.201 GC heap after
{Heap after GC invocations=65 (full 3):
 garbage-first heap   total 147456K, used 51880K [0x0000000082800000, 0x0000000100000000)
  region size 1024K, 1 young (1024K), 1 survivors (1024K)
 Metaspace       used 75312K, committed 75904K, reserved 1122304K
  class space    used 9914K, committed 10176K, reserved 1048576K
}
Event: 26702.278 GC heap before
{Heap before GC invocations=65 (full 3):
 garbage-first heap   total 147456K, used 127656K [0x0000000082800000, 0x0000000100000000)
  region size 1024K, 75 young (76800K), 1 survivors (1024K)
 Metaspace       used 75312K, committed 75904K, reserved 1122304K
  class space    used 9914K, committed 10176K, reserved 1048576K
}
Event: 26702.280 GC heap after
{Heap after GC invocations=66 (full 3):
 garbage-first heap   total 147456K, used 51954K [0x0000000082800000, 0x0000000100000000)
  region size 1024K, 1 young (1024K), 1 survivors (1024K)
 Metaspace       used 75312K, committed 75904K, reserved 1122304K
  class space    used 9914K, committed 10176K, reserved 1048576K
}
Event: 27463.356 GC heap before
{Heap before GC invocations=66 (full 3):
 garbage-first heap   total 147456K, used 127730K [0x0000000082800000, 0x0000000100000000)
  region size 1024K, 75 young (76800K), 1 survivors (1024K)
 Metaspace       used 75312K, committed 75904K, reserved 1122304K
  class space    used 9914K, committed 10176K, reserved 1048576K
}
Event: 27463.359 GC heap after
{Heap after GC invocations=67 (full 3):
 garbage-first heap   total 147456K, used 52273K [0x0000000082800000, 0x0000000100000000)
  region size 1024K, 2 young (2048K), 2 survivors (2048K)
 Metaspace       used 75312K, committed 75904K, reserved 1122304K
  class space    used 9914K, committed 10176K, reserved 1048576K
}
Event: 28249.664 GC heap before
{Heap before GC invocations=67 (full 3):
 garbage-first heap   total 147456K, used 127025K [0x0000000082800000, 0x0000000100000000)
  region size 1024K, 75 young (76800K), 2 survivors (2048K)
 Metaspace       used 75312K, committed 75904K, reserved 1122304K
  class space    used 9914K, committed 10176K, reserved 1048576K
}
Event: 28249.668 GC heap after
{Heap after GC invocations=68 (full 3):
 garbage-first heap   total 147456K, used 51881K [0x0000000082800000, 0x0000000100000000)
  region size 1024K, 1 young (1024K), 1 survivors (1024K)
 Metaspace       used 75312K, committed 75904K, reserved 1122304K
  class space    used 9914K, committed 10176K, reserved 1048576K
}
Event: 28997.923 GC heap before
{Heap before GC invocations=68 (full 3):
 garbage-first heap   total 147456K, used 127657K [0x0000000082800000, 0x0000000100000000)
  region size 1024K, 75 young (76800K), 1 survivors (1024K)
 Metaspace       used 75312K, committed 75904K, reserved 1122304K
  class space    used 9914K, committed 10176K, reserved 1048576K
}
Event: 28997.924 GC heap after
{Heap after GC invocations=69 (full 3):
 garbage-first heap   total 147456K, used 52396K [0x0000000082800000, 0x0000000100000000)
  region size 1024K, 2 young (2048K), 2 survivors (2048K)
 Metaspace       used 75312K, committed 75904K, reserved 1122304K
  class space    used 9914K, committed 10176K, reserved 1048576K
}
Event: 29780.351 GC heap before
{Heap before GC invocations=69 (full 3):
 garbage-first heap   total 147456K, used 127148K [0x0000000082800000, 0x0000000100000000)
  region size 1024K, 75 young (76800K), 2 survivors (2048K)
 Metaspace       used 75312K, committed 75904K, reserved 1122304K
  class space    used 9914K, committed 10176K, reserved 1048576K
}
Event: 29780.355 GC heap after
{Heap after GC invocations=70 (full 3):
 garbage-first heap   total 147456K, used 51920K [0x0000000082800000, 0x0000000100000000)
  region size 1024K, 1 young (1024K), 1 survivors (1024K)
 Metaspace       used 75312K, committed 75904K, reserved 1122304K
  class space    used 9914K, committed 10176K, reserved 1048576K
}
Event: 30531.165 GC heap before
{Heap before GC invocations=70 (full 3):
 garbage-first heap   total 147456K, used 126672K [0x0000000082800000, 0x0000000100000000)
  region size 1024K, 75 young (76800K), 1 survivors (1024K)
 Metaspace       used 75312K, committed 75904K, reserved 1122304K
  class space    used 9914K, committed 10176K, reserved 1048576K
}
Event: 30531.167 GC heap after
{Heap after GC invocations=71 (full 3):
 garbage-first heap   total 147456K, used 52425K [0x0000000082800000, 0x0000000100000000)
  region size 1024K, 2 young (2048K), 2 survivors (2048K)
 Metaspace       used 75312K, committed 75904K, reserved 1122304K
  class space    used 9914K, committed 10176K, reserved 1048576K
}

Deoptimization events (20 events):
Event: 0.279 Thread 0x000001cd42a0b4b0 DEOPT PACKING pc=0x000001cd46334de5 sp=0x0000009c506fc9c0
Event: 0.280 Thread 0x000001cd42a0b4b0 DEOPT UNPACKING pc=0x000001cd46112b43 sp=0x0000009c506fbf20 mode 3
Event: 0.731 Thread 0x000001cd42a0b4b0 DEOPT PACKING pc=0x000001cd46384ef5 sp=0x0000009c506fdb90
Event: 0.731 Thread 0x000001cd42a0b4b0 DEOPT UNPACKING pc=0x000001cd46112b43 sp=0x0000009c506fcfe8 mode 3
Event: 1.536 Thread 0x000001cd5185e190 DEOPT PACKING pc=0x000001cd466fb099 sp=0x0000009c528fc630
Event: 1.536 Thread 0x000001cd5185e190 DEOPT UNPACKING pc=0x000001cd46112b43 sp=0x0000009c528fbb10 mode 3
Event: 2.207 Thread 0x000001cd5185e190 DEOPT PACKING pc=0x000001cd46725614 sp=0x0000009c528fcb50
Event: 2.207 Thread 0x000001cd5185e190 DEOPT UNPACKING pc=0x000001cd46112b43 sp=0x0000009c528fc0a8 mode 0
Event: 2.406 Thread 0x000001cd5185e190 DEOPT PACKING pc=0x000001cd468cfff5 sp=0x0000009c528fc150
Event: 2.406 Thread 0x000001cd5185e190 DEOPT UNPACKING pc=0x000001cd46112b43 sp=0x0000009c528fb5c0 mode 3
Event: 2.713 Thread 0x000001cd5185e190 DEOPT PACKING pc=0x000001cd4695357d sp=0x0000009c528fc7e0
Event: 2.713 Thread 0x000001cd5185e190 DEOPT UNPACKING pc=0x000001cd46112b43 sp=0x0000009c528fbd48 mode 3
Event: 2.927 Thread 0x000001cd52cfb450 DEOPT PACKING pc=0x000001cd465dfc97 sp=0x0000009c52dff040
Event: 2.927 Thread 0x000001cd52cfb450 DEOPT UNPACKING pc=0x000001cd46112b43 sp=0x0000009c52dfe498 mode 3
Event: 4.095 Thread 0x000001cd5185e190 DEOPT PACKING pc=0x000001cd46ba3ff4 sp=0x0000009c528faff0
Event: 4.095 Thread 0x000001cd5185e190 DEOPT UNPACKING pc=0x000001cd46112b43 sp=0x0000009c528fa478 mode 0
Event: 5.421 Thread 0x000001cd5185e190 DEOPT PACKING pc=0x000001cd46e0aa09 sp=0x0000009c528fc170
Event: 5.421 Thread 0x000001cd5185e190 DEOPT UNPACKING pc=0x000001cd46112b43 sp=0x0000009c528fb748 mode 3
Event: 6.256 Thread 0x000001cd5185e190 DEOPT PACKING pc=0x000001cd466671d2 sp=0x0000009c528fd170
Event: 6.256 Thread 0x000001cd5185e190 DEOPT UNPACKING pc=0x000001cd46112b43 sp=0x0000009c528fc678 mode 3

Classes unloaded (20 events):
Event: 132.396 Thread 0x000001cd507202c0 Unloading class 0x0000000100141800 'jdk/internal/reflect/GeneratedSerializationConstructorAccessor3'
Event: 132.396 Thread 0x000001cd507202c0 Unloading class 0x0000000100141400 'jdk/internal/reflect/GeneratedSerializationConstructorAccessor2'
Event: 132.396 Thread 0x000001cd507202c0 Unloading class 0x0000000100141000 'jdk/internal/reflect/GeneratedSerializationConstructorAccessor1'
Event: 132.396 Thread 0x000001cd507202c0 Unloading class 0x0000000100140800 'java/lang/invoke/LambdaForm$DMH+0x0000000100140800'
Event: 132.396 Thread 0x000001cd507202c0 Unloading class 0x0000000100140000 'java/lang/invoke/LambdaForm$DMH+0x0000000100140000'
Event: 132.396 Thread 0x000001cd507202c0 Unloading class 0x00000001000c6c00 'jdk/internal/reflect/GeneratedConstructorAccessor1'
Event: 132.396 Thread 0x000001cd507202c0 Unloading class 0x00000001000c6000 'java/lang/invoke/LambdaForm$MH+0x00000001000c6000'
Event: 132.396 Thread 0x000001cd507202c0 Unloading class 0x00000001000c5c00 'java/lang/invoke/LambdaForm$MH+0x00000001000c5c00'
Event: 132.396 Thread 0x000001cd507202c0 Unloading class 0x00000001000c5800 'java/lang/invoke/LambdaForm$MH+0x00000001000c5800'
Event: 132.396 Thread 0x000001cd507202c0 Unloading class 0x00000001000c5400 'java/lang/invoke/LambdaForm$MH+0x00000001000c5400'
Event: 132.396 Thread 0x000001cd507202c0 Unloading class 0x00000001000c5000 'java/lang/invoke/LambdaForm$MH+0x00000001000c5000'
Event: 132.396 Thread 0x000001cd507202c0 Unloading class 0x00000001000c4c00 'java/lang/invoke/LambdaForm$MH+0x00000001000c4c00'
Event: 132.396 Thread 0x000001cd507202c0 Unloading class 0x00000001000c3c00 'java/lang/invoke/LambdaForm$MH+0x00000001000c3c00'
Event: 132.396 Thread 0x000001cd507202c0 Unloading class 0x00000001000c3800 'java/lang/invoke/LambdaForm$MH+0x00000001000c3800'
Event: 132.396 Thread 0x000001cd507202c0 Unloading class 0x00000001000c3000 'java/lang/invoke/LambdaForm$MH+0x00000001000c3000'
Event: 132.396 Thread 0x000001cd507202c0 Unloading class 0x00000001000c2400 'java/lang/invoke/LambdaForm$MH+0x00000001000c2400'
Event: 132.396 Thread 0x000001cd507202c0 Unloading class 0x00000001000c1c00 'java/lang/invoke/LambdaForm$MH+0x00000001000c1c00'
Event: 132.397 Thread 0x000001cd507202c0 Unloading class 0x00000001000c1400 'java/lang/invoke/LambdaForm$MH+0x00000001000c1400'
Event: 132.397 Thread 0x000001cd507202c0 Unloading class 0x00000001000c0c00 'java/lang/invoke/LambdaForm$MH+0x00000001000c0c00'
Event: 337.030 Thread 0x000001cd507202c0 Unloading class 0x00000001009cf000 'org/apache/catalina/loader/JdbcLeakPrevention'

Classes redefined (0 events):
No events

Internal exceptions (20 events):
Event: 339.110 Thread 0x000001cd55cd8ab0 Exception <a 'java/lang/ClassNotFoundException'{0x0000000088f38808}: xa/dokterhalo289/models/M_biodataCustomizer> (0x0000000088f38808) 
thrown [e:\jenkins\tmp\workspace\build\src\src\hotspot\share\classfile\systemDictionary.cpp, line 256]
Event: 339.116 Thread 0x000001cd55cd8ab0 Exception <a 'java/lang/ClassNotFoundException'{0x0000000088e04068}: java/lang/ObjectCustomizer> (0x0000000088e04068) 
thrown [e:\jenkins\tmp\workspace\build\src\src\hotspot\share\classfile\systemDictionary.cpp, line 256]
Event: 339.116 Thread 0x000001cd55cd8ab0 Exception <a 'java/lang/ClassNotFoundException'{0x0000000088e0e210}: xa/dokterhalo289/models/M_roleCustomizer> (0x0000000088e0e210) 
thrown [e:\jenkins\tmp\workspace\build\src\src\hotspot\share\classfile\systemDictionary.cpp, line 256]
Event: 339.149 Thread 0x000001cd55cd8ab0 Exception <a 'java/lang/ClassNotFoundException'{0x00000000889dcd20}: java/lang/ObjectCustomizer> (0x00000000889dcd20) 
thrown [e:\jenkins\tmp\workspace\build\src\src\hotspot\share\classfile\systemDictionary.cpp, line 256]
Event: 339.149 Thread 0x000001cd55cd8ab0 Exception <a 'java/lang/ClassNotFoundException'{0x00000000889e6760}: xa/dokterhalo289/models/T_tokenCustomizer> (0x00000000889e6760) 
thrown [e:\jenkins\tmp\workspace\build\src\src\hotspot\share\classfile\systemDictionary.cpp, line 256]
Event: 339.175 Thread 0x000001cd55cd8ab0 Exception <a 'java/io/FileNotFoundException'{0x00000000882264e8}> (0x00000000882264e8) 
thrown [e:\jenkins\tmp\workspace\build\src\src\hotspot\share\prims\jni.cpp, line 516]
Event: 339.175 Thread 0x000001cd55cd8ab0 Exception <a 'java/io/FileNotFoundException'{0x0000000088227100}> (0x0000000088227100) 
thrown [e:\jenkins\tmp\workspace\build\src\src\hotspot\share\prims\jni.cpp, line 516]
Event: 339.180 Thread 0x000001cd55cd8ab0 Exception <a 'java/lang/ClassNotFoundException'{0x0000000088297b98}: java/lang/ObjectCustomizer> (0x0000000088297b98) 
thrown [e:\jenkins\tmp\workspace\build\src\src\hotspot\share\classfile\systemDictionary.cpp, line 256]
Event: 339.181 Thread 0x000001cd55cd8ab0 Exception <a 'java/lang/ClassNotFoundException'{0x00000000882a1c38}: xa/dokterhalo289/models/M_medical_facility_categoryCustomizer> (0x00000000882a1c38) 
thrown [e:\jenkins\tmp\workspace\build\src\src\hotspot\share\classfile\systemDictionary.cpp, line 256]
Event: 31206.198 Thread 0x000001cd55cdd2e0 Exception <a 'java/lang/InterruptedException'{0x0000000087a3d478}: sleep interrupted> (0x0000000087a3d478) 
thrown [e:\jenkins\tmp\workspace\build\src\src\hotspot\share\prims\jvm.cpp, line 3067]
Event: 31206.569 Thread 0x000001cd55cdf490 Exception <a 'java/io/IOException'{0x0000000087aa19f0}: Connection reset by peer> (0x0000000087aa19f0) 
thrown [e:\jenkins\tmp\workspace\build\src\src\hotspot\share\prims\jni.cpp, line 535]
Event: 31206.592 Thread 0x000001cd55cdf490 Exception <a 'java/io/IOException'{0x0000000087aa2048}: Connection reset by peer> (0x0000000087aa2048) 
thrown [e:\jenkins\tmp\workspace\build\src\src\hotspot\share\prims\jni.cpp, line 535]
Event: 31206.593 Thread 0x000001cd55cdf490 Exception <a 'java/io/IOException'{0x0000000087aa2658}: Connection reset by peer> (0x0000000087aa2658) 
thrown [e:\jenkins\tmp\workspace\build\src\src\hotspot\share\prims\jni.cpp, line 535]
Event: 31206.593 Thread 0x000001cd55cdf490 Exception <a 'java/io/IOException'{0x0000000087aa2c68}: Connection reset by peer> (0x0000000087aa2c68) 
thrown [e:\jenkins\tmp\workspace\build\src\src\hotspot\share\prims\jni.cpp, line 535]
Event: 31206.594 Thread 0x000001cd55cdf490 Exception <a 'java/io/IOException'{0x0000000087aa3278}: Connection reset by peer> (0x0000000087aa3278) 
thrown [e:\jenkins\tmp\workspace\build\src\src\hotspot\share\prims\jni.cpp, line 535]
Event: 31206.594 Thread 0x000001cd55cdf490 Exception <a 'java/io/IOException'{0x0000000087aa3888}: Connection reset by peer> (0x0000000087aa3888) 
thrown [e:\jenkins\tmp\workspace\build\src\src\hotspot\share\prims\jni.cpp, line 535]
Event: 31206.595 Thread 0x000001cd55cdf490 Exception <a 'java/io/IOException'{0x0000000087aa3e98}: Connection reset by peer> (0x0000000087aa3e98) 
thrown [e:\jenkins\tmp\workspace\build\src\src\hotspot\share\prims\jni.cpp, line 535]
Event: 31206.595 Thread 0x000001cd55cdf490 Exception <a 'java/io/IOException'{0x0000000087aa44a8}: Connection reset by peer> (0x0000000087aa44a8) 
thrown [e:\jenkins\tmp\workspace\build\src\src\hotspot\share\prims\jni.cpp, line 535]
Event: 31206.595 Thread 0x000001cd55cdf490 Exception <a 'java/io/IOException'{0x0000000087aa4ab8}: Connection reset by peer> (0x0000000087aa4ab8) 
thrown [e:\jenkins\tmp\workspace\build\src\src\hotspot\share\prims\jni.cpp, line 535]
Event: 31206.595 Thread 0x000001cd55cdf490 Exception <a 'java/io/IOException'{0x0000000087aa50c8}: Connection reset by peer> (0x0000000087aa50c8) 
thrown [e:\jenkins\tmp\workspace\build\src\src\hotspot\share\prims\jni.cpp, line 535]

VM Operations (20 events):
Event: 26193.879 Executing VM operation: Cleanup done
Event: 26702.278 Executing VM operation: G1CollectForAllocation
Event: 26702.280 Executing VM operation: G1CollectForAllocation done
Event: 26787.807 Executing VM operation: Cleanup
Event: 26787.807 Executing VM operation: Cleanup done
Event: 26824.008 Executing VM operation: Cleanup
Event: 26824.008 Executing VM operation: Cleanup done
Event: 27463.356 Executing VM operation: G1CollectForAllocation
Event: 27463.359 Executing VM operation: G1CollectForAllocation done
Event: 28249.664 Executing VM operation: G1CollectForAllocation
Event: 28249.668 Executing VM operation: G1CollectForAllocation done
Event: 28997.922 Executing VM operation: G1CollectForAllocation
Event: 28997.924 Executing VM operation: G1CollectForAllocation done
Event: 29780.351 Executing VM operation: G1CollectForAllocation
Event: 29780.355 Executing VM operation: G1CollectForAllocation done
Event: 30531.165 Executing VM operation: G1CollectForAllocation
Event: 30531.167 Executing VM operation: G1CollectForAllocation done
Event: 31205.674 Executing VM operation: Cleanup
Event: 31205.690 Executing VM operation: Cleanup done
Event: 31206.647 Executing VM operation: G1CollectFull

Events (20 events):
Event: 31205.047 Thread 0x000001cd55cd8ab0 Thread added: 0x000001cd55cd8ab0
Event: 31205.053 Thread 0x000001cd55cdf490 Thread exited: 0x000001cd55cdf490
Event: 31205.698 Thread 0x000001cd52cfc790 Thread exited: 0x000001cd52cfc790
Event: 31206.172 Thread 0x000001cd52cfaab0 Thread exited: 0x000001cd52cfaab0
Event: 31206.185 Thread 0x000001cd55cdd7b0 Thread exited: 0x000001cd55cdd7b0
Event: 31206.186 Thread 0x000001cd52cfb920 Thread exited: 0x000001cd52cfb920
Event: 31206.190 Thread 0x000001cd55cdeaf0 Thread exited: 0x000001cd55cdeaf0
Event: 31206.190 Thread 0x000001cd55cdefc0 Thread exited: 0x000001cd55cdefc0
Event: 31206.190 Thread 0x000001cd55cdb600 Thread exited: 0x000001cd55cdb600
Event: 31206.190 Thread 0x000001cd55cdfe30 Thread exited: 0x000001cd55cdfe30
Event: 31206.190 Thread 0x000001cd55cd9920 Thread exited: 0x000001cd55cd9920
Event: 31206.190 Thread 0x000001cd55cdbad0 Thread exited: 0x000001cd55cdbad0
Event: 31206.190 Thread 0x000001cd55cdac60 Thread exited: 0x000001cd55cdac60
Event: 31206.190 Thread 0x000001cd55cde620 Thread exited: 0x000001cd55cde620
Event: 31206.199 Thread 0x000001cd55cdd2e0 Thread exited: 0x000001cd55cdd2e0
Event: 31206.227 Thread 0x000001cd55cda2c0 Thread exited: 0x000001cd55cda2c0
Event: 31206.230 Thread 0x000001cd55cdbfa0 Thread exited: 0x000001cd55cdbfa0
Event: 31206.552 Thread 0x000001cd55cdf490 Thread added: 0x000001cd55cdf490
Event: 31206.569 Thread 0x000001cd55cdc470 Thread exited: 0x000001cd55cdc470
Event: 31206.595 Thread 0x000001cd55cdf490 Thread exited: 0x000001cd55cdf490


Dynamic libraries:
0x00007ff75b220000 - 0x00007ff75b22e000 	C:\Users\Asus\Downloads\sts-4.15.1.RELEASE\plugins\org.eclipse.justj.openjdk.hotspot.jre.full.win32.x86_64_17.0.3.v20220515-1416\jre\bin\javaw.exe
0x00007ffe09e80000 - 0x00007ffe0a089000 	C:\WINDOWS\SYSTEM32\ntdll.dll
0x00007ffe085f0000 - 0x00007ffe086ad000 	C:\WINDOWS\System32\KERNEL32.DLL
0x00007ffe077f0000 - 0x00007ffe07b69000 	C:\WINDOWS\System32\KERNELBASE.dll
0x00007ffe07530000 - 0x00007ffe07641000 	C:\WINDOWS\System32\ucrtbase.dll
0x00007ffdf6030000 - 0x00007ffdf6048000 	C:\Users\Asus\Downloads\sts-4.15.1.RELEASE\plugins\org.eclipse.justj.openjdk.hotspot.jre.full.win32.x86_64_17.0.3.v20220515-1416\jre\bin\jli.dll
0x00007ffdf5f90000 - 0x00007ffdf5fa9000 	C:\Users\Asus\Downloads\sts-4.15.1.RELEASE\plugins\org.eclipse.justj.openjdk.hotspot.jre.full.win32.x86_64_17.0.3.v20220515-1416\jre\bin\VCRUNTIME140.dll
0x00007ffe09820000 - 0x00007ffe099cc000 	C:\WINDOWS\System32\USER32.dll
0x00007ffe07ce0000 - 0x00007ffe07d06000 	C:\WINDOWS\System32\win32u.dll
0x00007ffdf29e0000 - 0x00007ffdf2c85000 	C:\WINDOWS\WinSxS\amd64_microsoft.windows.common-controls_6595b64144ccf1df_6.0.22000.120_none_9d947278b86cc467\COMCTL32.dll
0x00007ffe09630000 - 0x00007ffe09659000 	C:\WINDOWS\System32\GDI32.dll
0x00007ffe08b10000 - 0x00007ffe08bb3000 	C:\WINDOWS\System32\msvcrt.dll
0x00007ffe07650000 - 0x00007ffe07762000 	C:\WINDOWS\System32\gdi32full.dll
0x00007ffe07360000 - 0x00007ffe073fd000 	C:\WINDOWS\System32\msvcp_win.dll
0x00007ffe085b0000 - 0x00007ffe085e1000 	C:\WINDOWS\System32\IMM32.DLL
0x00007ffdf8b80000 - 0x00007ffdf8b8c000 	C:\Users\Asus\Downloads\sts-4.15.1.RELEASE\plugins\org.eclipse.justj.openjdk.hotspot.jre.full.win32.x86_64_17.0.3.v20220515-1416\jre\bin\vcruntime140_1.dll
0x00007ffde0e00000 - 0x00007ffde0e91000 	C:\Users\Asus\Downloads\sts-4.15.1.RELEASE\plugins\org.eclipse.justj.openjdk.hotspot.jre.full.win32.x86_64_17.0.3.v20220515-1416\jre\bin\msvcp140.dll
0x00007ffd94c00000 - 0x00007ffd95848000 	C:\Users\Asus\Downloads\sts-4.15.1.RELEASE\plugins\org.eclipse.justj.openjdk.hotspot.jre.full.win32.x86_64_17.0.3.v20220515-1416\jre\bin\server\jvm.dll
0x00007ffe08cb0000 - 0x00007ffe08d5e000 	C:\WINDOWS\System32\ADVAPI32.dll
0x00007ffe08470000 - 0x00007ffe0850e000 	C:\WINDOWS\System32\sechost.dll
0x00007ffe08010000 - 0x00007ffe08130000 	C:\WINDOWS\System32\RPCRT4.dll
0x00007ffe096c0000 - 0x00007ffe096c8000 	C:\WINDOWS\System32\PSAPI.DLL
0x00007ffdf0350000 - 0x00007ffdf0359000 	C:\WINDOWS\SYSTEM32\WSOCK32.dll
0x00007ffe08400000 - 0x00007ffe0846f000 	C:\WINDOWS\System32\WS2_32.dll
0x00007ffe01fe0000 - 0x00007ffe02013000 	C:\WINDOWS\SYSTEM32\WINMM.dll
0x00007ffdff950000 - 0x00007ffdff95a000 	C:\WINDOWS\SYSTEM32\VERSION.dll
0x00007ffe06550000 - 0x00007ffe06568000 	C:\WINDOWS\SYSTEM32\kernel.appcore.dll
0x00007ffdf5f20000 - 0x00007ffdf5f2a000 	C:\Users\Asus\Downloads\sts-4.15.1.RELEASE\plugins\org.eclipse.justj.openjdk.hotspot.jre.full.win32.x86_64_17.0.3.v20220515-1416\jre\bin\jimage.dll
0x00007ffe04eb0000 - 0x00007ffe050d1000 	C:\WINDOWS\SYSTEM32\DBGHELP.DLL
0x00007ffde98d0000 - 0x00007ffde9901000 	C:\WINDOWS\SYSTEM32\dbgcore.DLL
0x00007ffe07770000 - 0x00007ffe077ef000 	C:\WINDOWS\System32\bcryptPrimitives.dll
0x00007ffdf2ca0000 - 0x00007ffdf2cc5000 	C:\Users\Asus\Downloads\sts-4.15.1.RELEASE\plugins\org.eclipse.justj.openjdk.hotspot.jre.full.win32.x86_64_17.0.3.v20220515-1416\jre\bin\java.dll
0x00007ffdf5d80000 - 0x00007ffdf5d98000 	C:\Users\Asus\Downloads\sts-4.15.1.RELEASE\plugins\org.eclipse.justj.openjdk.hotspot.jre.full.win32.x86_64_17.0.3.v20220515-1416\jre\bin\zip.dll
0x00007ffe08e70000 - 0x00007ffe09628000 	C:\WINDOWS\System32\SHELL32.dll
0x00007ffe054e0000 - 0x00007ffe05d48000 	C:\WINDOWS\SYSTEM32\windows.storage.dll
0x00007ffe086b0000 - 0x00007ffe08a29000 	C:\WINDOWS\System32\combase.dll
0x00007ffe05370000 - 0x00007ffe054d6000 	C:\WINDOWS\SYSTEM32\wintypes.dll
0x00007ffe09730000 - 0x00007ffe0981a000 	C:\WINDOWS\System32\SHCORE.dll
0x00007ffe096d0000 - 0x00007ffe0972d000 	C:\WINDOWS\System32\shlwapi.dll
0x00007ffe07290000 - 0x00007ffe072b1000 	C:\WINDOWS\SYSTEM32\profapi.dll
0x00007ffdf1060000 - 0x00007ffdf1079000 	C:\Users\Asus\Downloads\sts-4.15.1.RELEASE\plugins\org.eclipse.justj.openjdk.hotspot.jre.full.win32.x86_64_17.0.3.v20220515-1416\jre\bin\net.dll
0x00007ffe01a40000 - 0x00007ffe01b4c000 	C:\WINDOWS\SYSTEM32\WINHTTP.dll
0x00007ffe06980000 - 0x00007ffe069e7000 	C:\WINDOWS\system32\mswsock.dll
0x00007ffdf0ec0000 - 0x00007ffdf0ed5000 	C:\Users\Asus\Downloads\sts-4.15.1.RELEASE\plugins\org.eclipse.justj.openjdk.hotspot.jre.full.win32.x86_64_17.0.3.v20220515-1416\jre\bin\nio.dll
0x00007ffdf6960000 - 0x00007ffdf6969000 	C:\Users\Asus\Downloads\sts-4.15.1.RELEASE\plugins\org.eclipse.justj.openjdk.hotspot.jre.full.win32.x86_64_17.0.3.v20220515-1416\jre\bin\management.dll
0x00007ffdf6800000 - 0x00007ffdf680b000 	C:\Users\Asus\Downloads\sts-4.15.1.RELEASE\plugins\org.eclipse.justj.openjdk.hotspot.jre.full.win32.x86_64_17.0.3.v20220515-1416\jre\bin\management_ext.dll
0x00007ffde17f0000 - 0x00007ffde1807000 	C:\WINDOWS\system32\napinsp.dll
0x00007ffde17d0000 - 0x00007ffde17eb000 	C:\WINDOWS\system32\pnrpnsp.dll
0x00007ffe060f0000 - 0x00007ffe061d8000 	C:\WINDOWS\SYSTEM32\DNSAPI.dll
0x00007ffe06080000 - 0x00007ffe060ad000 	C:\WINDOWS\SYSTEM32\IPHLPAPI.DLL
0x00007ffe08510000 - 0x00007ffe08519000 	C:\WINDOWS\System32\NSI.dll
0x00007ffde17b0000 - 0x00007ffde17c2000 	C:\WINDOWS\System32\winrnr.dll
0x00007ffde1790000 - 0x00007ffde17a5000 	C:\WINDOWS\system32\wshbth.dll
0x00007ffde1770000 - 0x00007ffde178f000 	C:\WINDOWS\system32\nlansp_c.dll
0x00007ffdf7710000 - 0x00007ffdf771a000 	C:\Windows\System32\rasadhlp.dll
0x00007ffdff770000 - 0x00007ffdff7f1000 	C:\WINDOWS\System32\fwpuclnt.dll
0x00007ffe06bd0000 - 0x00007ffe06be8000 	C:\WINDOWS\SYSTEM32\CRYPTSP.dll
0x00007ffe064b0000 - 0x00007ffe064e5000 	C:\WINDOWS\system32\rsaenh.dll
0x00007ffe06a70000 - 0x00007ffe06a99000 	C:\WINDOWS\SYSTEM32\USERENV.dll
0x00007ffe06d40000 - 0x00007ffe06d67000 	C:\WINDOWS\SYSTEM32\bcrypt.dll
0x00007ffe06bc0000 - 0x00007ffe06bcc000 	C:\WINDOWS\SYSTEM32\CRYPTBASE.dll
0x00007ffe01250000 - 0x00007ffe01269000 	C:\WINDOWS\SYSTEM32\dhcpcsvc6.DLL
0x00007ffe02120000 - 0x00007ffe0213e000 	C:\WINDOWS\SYSTEM32\dhcpcsvc.DLL
0x00007ffdf5dd0000 - 0x00007ffdf5de0000 	C:\Users\Asus\Downloads\sts-4.15.1.RELEASE\plugins\org.eclipse.justj.openjdk.hotspot.jre.full.win32.x86_64_17.0.3.v20220515-1416\jre\bin\verify.dll
0x00007ffdf5790000 - 0x00007ffdf579e000 	C:\Users\Asus\Downloads\sts-4.15.1.RELEASE\plugins\org.eclipse.justj.openjdk.hotspot.jre.full.win32.x86_64_17.0.3.v20220515-1416\jre\bin\sunmscapi.dll
0x00007ffe07b70000 - 0x00007ffe07cd2000 	C:\WINDOWS\System32\CRYPT32.dll
0x00007ffe06d10000 - 0x00007ffe06d38000 	C:\WINDOWS\SYSTEM32\ncrypt.dll
0x00007ffe06cd0000 - 0x00007ffe06d07000 	C:\WINDOWS\SYSTEM32\NTASN1.dll
0x00007ffe038b0000 - 0x00007ffe038b8000 	C:\WINDOWS\system32\wshunix.dll

dbghelp: loaded successfully - version: 4.0.5 - missing functions: none
symbol engine: initialized successfully - sym options: 0x614 - pdb path: .;C:\Users\Asus\Downloads\sts-4.15.1.RELEASE\plugins\org.eclipse.justj.openjdk.hotspot.jre.full.win32.x86_64_17.0.3.v20220515-1416\jre\bin;C:\WINDOWS\SYSTEM32;C:\WINDOWS\WinSxS\amd64_microsoft.windows.common-controls_6595b64144ccf1df_6.0.22000.120_none_9d947278b86cc467;C:\Users\Asus\Downloads\sts-4.15.1.RELEASE\plugins\org.eclipse.justj.openjdk.hotspot.jre.full.win32.x86_64_17.0.3.v20220515-1416\jre\bin\server

VM Arguments:
jvm_args: -Dcom.sun.management.jmxremote -Dcom.sun.management.jmxremote.port=63327 -Dcom.sun.management.jmxremote.authenticate=false -Dcom.sun.management.jmxremote.ssl=false -Djava.rmi.server.hostname=localhost -Dspring.jmx.enabled=true -Dspring.application.admin.enabled=true -XX:TieredStopAtLevel=1 -Dspring.boot.project.name=dokterhalo289 -Dfile.encoding=UTF-8 -XX:+ShowCodeDetailsInExceptionMessages 
java_command: xa.dokterhalo289.Dokterhalo289Application --spring.output.ansi.enabled=always
java_class_path (initial): C:\Users\Asus\Documents\dokterhalo\dokterhalo289\target\classes;C:\Users\Asus\.m2\repository\org\springframework\boot\spring-boot-starter-thymeleaf\2.7.1\spring-boot-starter-thymeleaf-2.7.1.jar;C:\Users\Asus\.m2\repository\org\thymeleaf\thymeleaf-spring5\3.0.15.RELEASE\thymeleaf-spring5-3.0.15.RELEASE.jar;C:\Users\Asus\.m2\repository\org\slf4j\slf4j-api\1.7.36\slf4j-api-1.7.36.jar;C:\Users\Asus\.m2\repository\org\thymeleaf\extras\thymeleaf-extras-java8time\3.0.4.RELEASE\thymeleaf-extras-java8time-3.0.4.RELEASE.jar;C:\Users\Asus\.m2\repository\org\springframework\boot\spring-boot-devtools\2.7.1\spring-boot-devtools-2.7.1.jar;C:\Users\Asus\.m2\repository\org\springframework\boot\spring-boot\2.7.1\spring-boot-2.7.1.jar;C:\Users\Asus\.m2\repository\org\springframework\spring-context\5.3.21\spring-context-5.3.21.jar;C:\Users\Asus\.m2\repository\org\springframework\boot\spring-boot-autoconfigure\2.7.1\spring-boot-autoconfigure-2.7.1.jar;C:\Users\Asus\.m2\repository\jakarta\xml\bind\jakarta.xml.bind-api\2.3.3\jakarta.xml.bind-api-2.3.3.jar;C:\Users\Asus\.m2\repository\jakarta\activation\jakarta.activation-api\1.2.2\jakarta.activation-api-1.2.2.jar;C:\Users\Asus\.m2\repository\net\bytebuddy\byte-buddy\1.12.11\byte-buddy-1.12.11.jar;C:\Users\Asus\.m2\repository\org\springframework\spring-core\5.3.21\spring-core-5.3.21.jar;C:\Users\Asus\.m2\repository\org\springframework\spring-jcl\5.3.21\spring-jcl-5.3.21.jar;C:\Users\Asus\.m2\repository\org\springframework\boot\spring-boot-starter-web\2.7.1\spring-boot-starter-web-2.7.1.jar;C:\Users\Asus\.m2\repository\org\springframework\boot\spring-boot-starter-json\2.7.1\spring-boot-starter-json-2.7.1.jar;C:\Users\Asus\.m2\repository\com\fasterxml\jackson\core\jackson-databind\2.13.3\jackson-databind-2.13.3.jar;C:\Users\Asus\.m2\repository\com\fasterxml\jackson\core\jackson-annotations\2.13.3\jackson-annotations-2.13.3.jar;C:\Users\Asus\.m2\repository\com\fasterxml\jackson\core\jackson-core\2.13.3\jackson-cor
Launcher Type: SUN_STANDARD

[Global flags]
     intx CICompilerCount                          = 4                                         {product} {ergonomic}
     uint ConcGCThreads                            = 2                                         {product} {ergonomic}
     uint G1ConcRefinementThreads                  = 8                                         {product} {ergonomic}
   size_t G1HeapRegionSize                         = 1048576                                   {product} {ergonomic}
    uintx GCDrainStackTargetSize                   = 64                                        {product} {ergonomic}
   size_t InitialHeapSize                          = 132120576                                 {product} {ergonomic}
     bool ManagementServer                         = true                                      {product} {command line}
   size_t MarkStackSize                            = 4194304                                   {product} {ergonomic}
   size_t MaxHeapSize                              = 2105540608                                {product} {ergonomic}
   size_t MaxNewSize                               = 1262485504                                {product} {ergonomic}
   size_t MinHeapDeltaBytes                        = 1048576                                   {product} {ergonomic}
   size_t MinHeapSize                              = 8388608                                   {product} {ergonomic}
    uintx NonProfiledCodeHeapSize                  = 0                                      {pd product} {ergonomic}
     bool ProfileInterpreter                       = false                                  {pd product} {command line}
    uintx ProfiledCodeHeapSize                     = 0                                      {pd product} {ergonomic}
     bool ShowCodeDetailsInExceptionMessages       = true                                   {manageable} {command line}
   size_t SoftMaxHeapSize                          = 2105540608                             {manageable} {ergonomic}
     intx TieredStopAtLevel                        = 1                                         {product} {command line}
     bool UseCompressedClassPointers               = true                           {product lp64_product} {ergonomic}
     bool UseCompressedOops                        = true                           {product lp64_product} {ergonomic}
     bool UseG1GC                                  = true                                      {product} {ergonomic}
     bool UseLargePagesIndividualAllocation        = false                                  {pd product} {ergonomic}

Logging:
Log output configuration:
 #0: stdout all=warning uptime,level,tags
 #1: stderr all=off uptime,level,tags

Environment Variables:
PATH=C:/Users/Asus/Downloads/sts-4.15.1.RELEASE//plugins/org.eclipse.justj.openjdk.hotspot.jre.full.win32.x86_64_17.0.3.v20220515-1416/jre/bin/server;C:/Users/Asus/Downloads/sts-4.15.1.RELEASE//plugins/org.eclipse.justj.openjdk.hotspot.jre.full.win32.x86_64_17.0.3.v20220515-1416/jre/bin;C:\Program Files (x86)\Common Files\Oracle\Java\javapath;C:\Windows\system32;C:\Windows;C:\Windows\System32\Wbem;C:\Windows\System32\WindowsPowerShell\v1.0\;C:\Windows\System32\OpenSSH\;C:\Program Files (x86)\NVIDIA Corporation\PhysX\Common;C:\Program Files\NVIDIA Corporation\NVIDIA NvDLISR;C:\composer;C:\xampp\php;C:\xampp\mysql\bin;C:\WINDOWS\system32;C:\WINDOWS;C:\WINDOWS\System32\Wbem;C:\WINDOWS\System32\WindowsPowerShell\v1.0\;C:\WINDOWS\System32\OpenSSH\;C:\Program Files\nodejs\;C:\Program Files\Java\jdk1.8.0_333\bin;C:\Program Files\Git\cmd;C:\Users\Asus\AppData\Local\Microsoft\WindowsApps;C:\Users\Asus\AppData\Local\Programs\Microsoft VS Code\bin;C:\Users\Asus\AppData\Local\GitHubDesktop\bin;C:\Users\Asus\AppData\Roaming\Composer\vendor\bin;C:\xampp\php;C:\Users\Asus\AppData\Roaming\npm;C:\Users\Asus\Downloads\sts-4.15.1.RELEASE;
USERNAME=Asus
OS=Windows_NT
PROCESSOR_IDENTIFIER=Intel64 Family 6 Model 165 Stepping 2, GenuineIntel



---------------  S Y S T E M  ---------------

OS:
 Windows 11 , 64 bit Build 22000 (10.0.22000.708)
OS uptime: 1 days 9:44 hours

CPU: total 8 (initial active 8) (4 cores per cpu, 2 threads per core) family 6 model 165 stepping 2 microcode 0xe0, cx8, cmov, fxsr, ht, mmx, 3dnowpref, sse, sse2, sse3, ssse3, sse4.1, sse4.2, popcnt, lzcnt, tsc, tscinvbit, avx, avx2, aes, erms, clmul, bmi1, bmi2, adx, fma, vzeroupper, clflush, clflushopt

Memory: 4k page, system-wide physical 8029M (1024M free)
TotalPageFile size 32605M (AvailPageFile size 0M)
current process WorkingSet (physical memory assigned to process): 40M, peak: 312M
current process commit charge ("private bytes"): 346M, peak: 352M

vm_info: OpenJDK 64-Bit Server VM (17.0.3+7) for windows-amd64 JRE (17.0.3+7), built on Apr 19 2022 16:55:35 by "" with MS VC++ 16.7 (VS2019)

END.
